{"C:\\Users\\PC\\Desktop\\matthew-forums2\\server\\index.js": {"path":"C:\\Users\\PC\\Desktop\\matthew-forums2\\server\\index.js","statementMap":{"0":{"start":{"line":1,"column":16},"end":{"line":1,"column":34}},"1":{"start":{"line":2,"column":13},"end":{"line":2,"column":28}},"2":{"start":{"line":3,"column":15},"end":{"line":3,"column":32}},"3":{"start":{"line":4,"column":18},"end":{"line":4,"column":43}},"4":{"start":{"line":5,"column":19},"end":{"line":5,"column":47}},"5":{"start":{"line":6,"column":19},"end":{"line":6,"column":47}},"6":{"start":{"line":7,"column":19},"end":{"line":7,"column":41}},"7":{"start":{"line":9,"column":12},"end":{"line":9,"column":21}},"8":{"start":{"line":10,"column":0},"end":{"line":10,"column":16}},"9":{"start":{"line":11,"column":0},"end":{"line":11,"column":12}},"10":{"start":{"line":16,"column":13},"end":{"line":16,"column":37}},"11":{"start":{"line":18,"column":0},"end":{"line":18,"column":53}},"12":{"start":{"line":19,"column":0},"end":{"line":19,"column":59}},"13":{"start":{"line":22,"column":0},"end":{"line":22,"column":16}},"14":{"start":{"line":24,"column":0},"end":{"line":24,"column":30}},"15":{"start":{"line":25,"column":0},"end":{"line":25,"column":29}},"16":{"start":{"line":27,"column":0},"end":{"line":27,"column":70}},"17":{"start":{"line":27,"column":23},"end":{"line":27,"column":69}},"18":{"start":{"line":29,"column":0},"end":{"line":29,"column":20}}},"fnMap":{"0":{"name":"(anonymous_0)","decl":{"start":{"line":27,"column":17},"end":{"line":27,"column":18}},"loc":{"start":{"line":27,"column":23},"end":{"line":27,"column":69}},"line":27}},"branchMap":{"0":{"loc":{"start":{"line":16,"column":13},"end":{"line":16,"column":37}},"type":"binary-expr","locations":[{"start":{"line":16,"column":13},"end":{"line":16,"column":29}},{"start":{"line":16,"column":33},"end":{"line":16,"column":37}}],"line":16}},"s":{"0":1,"1":1,"2":1,"3":1,"4":1,"5":1,"6":1,"7":1,"8":1,"9":1,"10":1,"11":1,"12":1,"13":1,"14":1,"15":1,"16":1,"17":1,"18":1},"f":{"0":1},"b":{"0":[1,0]},"_coverageSchema":"1a1c01bbd47fc00a2c39e90264f33305004495a9","hash":"f8e86322e3f7de467fdbe45bccd0445107fae33b"}
,"C:\\Users\\PC\\Desktop\\matthew-forums2\\server\\config\\db.js": {"path":"C:\\Users\\PC\\Desktop\\matthew-forums2\\server\\config\\db.js","statementMap":{"0":{"start":{"line":2,"column":17},"end":{"line":2,"column":36}},"1":{"start":{"line":4,"column":18},"end":{"line":14,"column":1}},"2":{"start":{"line":5,"column":4},"end":{"line":13,"column":5}},"3":{"start":{"line":6,"column":21},"end":{"line":6,"column":71}},"4":{"start":{"line":12,"column":8},"end":{"line":12,"column":24}},"5":{"start":{"line":16,"column":0},"end":{"line":16,"column":26}}},"fnMap":{"0":{"name":"(anonymous_0)","decl":{"start":{"line":4,"column":18},"end":{"line":4,"column":19}},"loc":{"start":{"line":4,"column":30},"end":{"line":14,"column":1}},"line":4}},"branchMap":{},"s":{"0":1,"1":1,"2":1,"3":1,"4":0,"5":1},"f":{"0":1},"b":{},"_coverageSchema":"1a1c01bbd47fc00a2c39e90264f33305004495a9","hash":"58491d435117d95197efea6347b82986c0ab4d0e"}
,"C:\\Users\\PC\\Desktop\\matthew-forums2\\server\\controllers\\posts.js": {"path":"C:\\Users\\PC\\Desktop\\matthew-forums2\\server\\controllers\\posts.js","statementMap":{"0":{"start":{"line":5,"column":17},"end":{"line":5,"column":36}},"1":{"start":{"line":6,"column":20},"end":{"line":6,"column":55}},"2":{"start":{"line":7,"column":13},"end":{"line":7,"column":41}},"3":{"start":{"line":8,"column":17},"end":{"line":8,"column":51}},"4":{"start":{"line":15,"column":17},"end":{"line":30,"column":1}},"5":{"start":{"line":17,"column":19},"end":{"line":17,"column":28}},"6":{"start":{"line":18,"column":18},"end":{"line":18,"column":20}},"7":{"start":{"line":20,"column":18},"end":{"line":20,"column":54}},"8":{"start":{"line":23,"column":18},"end":{"line":23,"column":76}},"9":{"start":{"line":25,"column":4},"end":{"line":29,"column":5}},"10":{"start":{"line":26,"column":8},"end":{"line":26,"column":113}},"11":{"start":{"line":28,"column":8},"end":{"line":28,"column":46}},"12":{"start":{"line":37,"column":16},"end":{"line":46,"column":1}},"13":{"start":{"line":38,"column":17},"end":{"line":38,"column":27}},"14":{"start":{"line":39,"column":4},"end":{"line":45,"column":5}},"15":{"start":{"line":41,"column":21},"end":{"line":41,"column":51}},"16":{"start":{"line":42,"column":8},"end":{"line":42,"column":34}},"17":{"start":{"line":44,"column":8},"end":{"line":44,"column":58}},"18":{"start":{"line":47,"column":27},"end":{"line":83,"column":1}},"19":{"start":{"line":48,"column":17},"end":{"line":48,"column":27}},"20":{"start":{"line":53,"column":4},"end":{"line":82,"column":5}},"21":{"start":{"line":54,"column":8},"end":{"line":68,"column":9}},"22":{"start":{"line":64,"column":25},"end":{"line":64,"column":48}},"23":{"start":{"line":65,"column":12},"end":{"line":67,"column":13}},"24":{"start":{"line":66,"column":16},"end":{"line":66,"column":73}},"25":{"start":{"line":71,"column":32},"end":{"line":71,"column":85}},"26":{"start":{"line":72,"column":8},"end":{"line":76,"column":9}},"27":{"start":{"line":75,"column":12},"end":{"line":75,"column":88}},"28":{"start":{"line":78,"column":8},"end":{"line":78,"column":54}},"29":{"start":{"line":81,"column":8},"end":{"line":81,"column":77}},"30":{"start":{"line":91,"column":19},"end":{"line":105,"column":1}},"31":{"start":{"line":92,"column":17},"end":{"line":92,"column":25}},"32":{"start":{"line":94,"column":20},"end":{"line":94,"column":67}},"33":{"start":{"line":96,"column":4},"end":{"line":103,"column":5}},"34":{"start":{"line":99,"column":8},"end":{"line":99,"column":28}},"35":{"start":{"line":100,"column":8},"end":{"line":100,"column":37}},"36":{"start":{"line":102,"column":8},"end":{"line":102,"column":46}},"37":{"start":{"line":112,"column":19},"end":{"line":134,"column":1}},"38":{"start":{"line":113,"column":22},"end":{"line":113,"column":32}},"39":{"start":{"line":114,"column":17},"end":{"line":114,"column":25}},"40":{"start":{"line":115,"column":4},"end":{"line":117,"column":5}},"41":{"start":{"line":116,"column":8},"end":{"line":116,"column":59}},"42":{"start":{"line":120,"column":17},"end":{"line":120,"column":48}},"43":{"start":{"line":121,"column":4},"end":{"line":123,"column":5}},"44":{"start":{"line":122,"column":8},"end":{"line":122,"column":65}},"45":{"start":{"line":125,"column":24},"end":{"line":125,"column":55}},"46":{"start":{"line":128,"column":4},"end":{"line":130,"column":5}},"47":{"start":{"line":129,"column":8},"end":{"line":129,"column":105}},"48":{"start":{"line":132,"column":24},"end":{"line":132,"column":92}},"49":{"start":{"line":133,"column":4},"end":{"line":133,"column":26}},"50":{"start":{"line":141,"column":19},"end":{"line":165,"column":1}},"51":{"start":{"line":142,"column":22},"end":{"line":142,"column":32}},"52":{"start":{"line":143,"column":4},"end":{"line":145,"column":5}},"53":{"start":{"line":144,"column":8},"end":{"line":144,"column":59}},"54":{"start":{"line":148,"column":17},"end":{"line":148,"column":48}},"55":{"start":{"line":149,"column":4},"end":{"line":151,"column":5}},"56":{"start":{"line":150,"column":8},"end":{"line":150,"column":64}},"57":{"start":{"line":153,"column":24},"end":{"line":153,"column":55}},"58":{"start":{"line":154,"column":4},"end":{"line":156,"column":5}},"59":{"start":{"line":155,"column":8},"end":{"line":155,"column":67}},"60":{"start":{"line":159,"column":4},"end":{"line":161,"column":5}},"61":{"start":{"line":160,"column":8},"end":{"line":160,"column":105}},"62":{"start":{"line":163,"column":4},"end":{"line":163,"column":45}},"63":{"start":{"line":164,"column":4},"end":{"line":164,"column":29}},"64":{"start":{"line":172,"column":17},"end":{"line":204,"column":1}},"65":{"start":{"line":173,"column":17},"end":{"line":173,"column":27}},"66":{"start":{"line":175,"column":4},"end":{"line":177,"column":5}},"67":{"start":{"line":176,"column":8},"end":{"line":176,"column":64}},"68":{"start":{"line":179,"column":4},"end":{"line":181,"column":5}},"69":{"start":{"line":180,"column":8},"end":{"line":180,"column":59}},"70":{"start":{"line":185,"column":17},"end":{"line":185,"column":47}},"71":{"start":{"line":188,"column":23},"end":{"line":190,"column":6}},"72":{"start":{"line":189,"column":8},"end":{"line":189,"column":41}},"73":{"start":{"line":192,"column":4},"end":{"line":200,"column":5}},"74":{"start":{"line":194,"column":8},"end":{"line":194,"column":35}},"75":{"start":{"line":197,"column":8},"end":{"line":199,"column":10}},"76":{"start":{"line":198,"column":12},"end":{"line":198,"column":45}},"77":{"start":{"line":202,"column":24},"end":{"line":202,"column":81}},"78":{"start":{"line":203,"column":4},"end":{"line":203,"column":37}},"79":{"start":{"line":211,"column":20},"end":{"line":232,"column":1}},"80":{"start":{"line":212,"column":17},"end":{"line":212,"column":27}},"81":{"start":{"line":213,"column":22},"end":{"line":213,"column":30}},"82":{"start":{"line":215,"column":4},"end":{"line":217,"column":5}},"83":{"start":{"line":216,"column":8},"end":{"line":216,"column":64}},"84":{"start":{"line":219,"column":4},"end":{"line":221,"column":5}},"85":{"start":{"line":220,"column":8},"end":{"line":220,"column":59}},"86":{"start":{"line":224,"column":17},"end":{"line":224,"column":47}},"87":{"start":{"line":227,"column":4},"end":{"line":227,"column":31}},"88":{"start":{"line":230,"column":24},"end":{"line":230,"column":80}},"89":{"start":{"line":231,"column":4},"end":{"line":231,"column":38}},"90":{"start":{"line":234,"column":0},"end":{"line":234,"column":108}}},"fnMap":{"0":{"name":"(anonymous_0)","decl":{"start":{"line":15,"column":17},"end":{"line":15,"column":18}},"loc":{"start":{"line":15,"column":36},"end":{"line":30,"column":1}},"line":15},"1":{"name":"(anonymous_1)","decl":{"start":{"line":37,"column":16},"end":{"line":37,"column":17}},"loc":{"start":{"line":37,"column":35},"end":{"line":46,"column":1}},"line":37},"2":{"name":"(anonymous_2)","decl":{"start":{"line":47,"column":27},"end":{"line":47,"column":28}},"loc":{"start":{"line":47,"column":46},"end":{"line":83,"column":1}},"line":47},"3":{"name":"(anonymous_3)","decl":{"start":{"line":91,"column":19},"end":{"line":91,"column":20}},"loc":{"start":{"line":91,"column":38},"end":{"line":105,"column":1}},"line":91},"4":{"name":"(anonymous_4)","decl":{"start":{"line":112,"column":19},"end":{"line":112,"column":20}},"loc":{"start":{"line":112,"column":38},"end":{"line":134,"column":1}},"line":112},"5":{"name":"(anonymous_5)","decl":{"start":{"line":141,"column":19},"end":{"line":141,"column":20}},"loc":{"start":{"line":141,"column":38},"end":{"line":165,"column":1}},"line":141},"6":{"name":"(anonymous_6)","decl":{"start":{"line":172,"column":17},"end":{"line":172,"column":18}},"loc":{"start":{"line":172,"column":36},"end":{"line":204,"column":1}},"line":172},"7":{"name":"(anonymous_7)","decl":{"start":{"line":188,"column":44},"end":{"line":188,"column":45}},"loc":{"start":{"line":188,"column":53},"end":{"line":190,"column":5}},"line":188},"8":{"name":"(anonymous_8)","decl":{"start":{"line":197,"column":39},"end":{"line":197,"column":40}},"loc":{"start":{"line":197,"column":48},"end":{"line":199,"column":9}},"line":197},"9":{"name":"(anonymous_9)","decl":{"start":{"line":211,"column":20},"end":{"line":211,"column":21}},"loc":{"start":{"line":211,"column":39},"end":{"line":232,"column":1}},"line":211}},"branchMap":{"0":{"loc":{"start":{"line":54,"column":8},"end":{"line":68,"column":9}},"type":"if","locations":[{"start":{"line":54,"column":8},"end":{"line":68,"column":9}},{"start":{"line":62,"column":13},"end":{"line":68,"column":9}}],"line":54},"1":{"loc":{"start":{"line":65,"column":12},"end":{"line":67,"column":13}},"type":"if","locations":[{"start":{"line":65,"column":12},"end":{"line":67,"column":13}},{"start":{},"end":{}}],"line":65},"2":{"loc":{"start":{"line":72,"column":8},"end":{"line":76,"column":9}},"type":"if","locations":[{"start":{"line":72,"column":8},"end":{"line":76,"column":9}},{"start":{},"end":{}}],"line":72},"3":{"loc":{"start":{"line":115,"column":4},"end":{"line":117,"column":5}},"type":"if","locations":[{"start":{"line":115,"column":4},"end":{"line":117,"column":5}},{"start":{},"end":{}}],"line":115},"4":{"loc":{"start":{"line":121,"column":4},"end":{"line":123,"column":5}},"type":"if","locations":[{"start":{"line":121,"column":4},"end":{"line":123,"column":5}},{"start":{},"end":{}}],"line":121},"5":{"loc":{"start":{"line":128,"column":4},"end":{"line":130,"column":5}},"type":"if","locations":[{"start":{"line":128,"column":4},"end":{"line":130,"column":5}},{"start":{},"end":{}}],"line":128},"6":{"loc":{"start":{"line":143,"column":4},"end":{"line":145,"column":5}},"type":"if","locations":[{"start":{"line":143,"column":4},"end":{"line":145,"column":5}},{"start":{},"end":{}}],"line":143},"7":{"loc":{"start":{"line":149,"column":4},"end":{"line":151,"column":5}},"type":"if","locations":[{"start":{"line":149,"column":4},"end":{"line":151,"column":5}},{"start":{},"end":{}}],"line":149},"8":{"loc":{"start":{"line":154,"column":4},"end":{"line":156,"column":5}},"type":"if","locations":[{"start":{"line":154,"column":4},"end":{"line":156,"column":5}},{"start":{},"end":{}}],"line":154},"9":{"loc":{"start":{"line":159,"column":4},"end":{"line":161,"column":5}},"type":"if","locations":[{"start":{"line":159,"column":4},"end":{"line":161,"column":5}},{"start":{},"end":{}}],"line":159},"10":{"loc":{"start":{"line":175,"column":4},"end":{"line":177,"column":5}},"type":"if","locations":[{"start":{"line":175,"column":4},"end":{"line":177,"column":5}},{"start":{},"end":{}}],"line":175},"11":{"loc":{"start":{"line":179,"column":4},"end":{"line":181,"column":5}},"type":"if","locations":[{"start":{"line":179,"column":4},"end":{"line":181,"column":5}},{"start":{},"end":{}}],"line":179},"12":{"loc":{"start":{"line":192,"column":4},"end":{"line":200,"column":5}},"type":"if","locations":[{"start":{"line":192,"column":4},"end":{"line":200,"column":5}},{"start":{"line":195,"column":9},"end":{"line":200,"column":5}}],"line":192},"13":{"loc":{"start":{"line":215,"column":4},"end":{"line":217,"column":5}},"type":"if","locations":[{"start":{"line":215,"column":4},"end":{"line":217,"column":5}},{"start":{},"end":{}}],"line":215},"14":{"loc":{"start":{"line":219,"column":4},"end":{"line":221,"column":5}},"type":"if","locations":[{"start":{"line":219,"column":4},"end":{"line":221,"column":5}},{"start":{},"end":{}}],"line":219}},"s":{"0":1,"1":1,"2":1,"3":1,"4":1,"5":1,"6":1,"7":1,"8":1,"9":1,"10":1,"11":0,"12":1,"13":2,"14":2,"15":2,"16":1,"17":1,"18":1,"19":2,"20":2,"21":2,"22":1,"23":1,"24":0,"25":2,"26":2,"27":1,"28":1,"29":0,"30":1,"31":0,"32":0,"33":0,"34":0,"35":0,"36":0,"37":1,"38":0,"39":0,"40":0,"41":0,"42":0,"43":0,"44":0,"45":0,"46":0,"47":0,"48":0,"49":0,"50":1,"51":0,"52":0,"53":0,"54":0,"55":0,"56":0,"57":0,"58":0,"59":0,"60":0,"61":0,"62":0,"63":0,"64":1,"65":0,"66":0,"67":0,"68":0,"69":0,"70":0,"71":0,"72":0,"73":0,"74":0,"75":0,"76":0,"77":0,"78":0,"79":1,"80":0,"81":0,"82":0,"83":0,"84":0,"85":0,"86":0,"87":0,"88":0,"89":0,"90":1},"f":{"0":1,"1":2,"2":2,"3":0,"4":0,"5":0,"6":0,"7":0,"8":0,"9":0},"b":{"0":[1,1],"1":[0,1],"2":[1,1],"3":[0,0],"4":[0,0],"5":[0,0],"6":[0,0],"7":[0,0],"8":[0,0],"9":[0,0],"10":[0,0],"11":[0,0],"12":[0,0],"13":[0,0],"14":[0,0]},"_coverageSchema":"1a1c01bbd47fc00a2c39e90264f33305004495a9","hash":"f23fc31b545c9462dc139b75546abc6c90596963"}
,"C:\\Users\\PC\\Desktop\\matthew-forums2\\server\\controllers\\user.js": {"path":"C:\\Users\\PC\\Desktop\\matthew-forums2\\server\\controllers\\user.js","statementMap":{"0":{"start":{"line":5,"column":12},"end":{"line":5,"column":35}},"1":{"start":{"line":6,"column":15},"end":{"line":6,"column":34}},"2":{"start":{"line":7,"column":13},"end":{"line":7,"column":41}},"3":{"start":{"line":15,"column":21},"end":{"line":47,"column":1}},"4":{"start":{"line":16,"column":53},"end":{"line":16,"column":61}},"5":{"start":{"line":18,"column":4},"end":{"line":44,"column":5}},"6":{"start":{"line":20,"column":30},"end":{"line":20,"column":57}},"7":{"start":{"line":21,"column":8},"end":{"line":23,"column":9}},"8":{"start":{"line":22,"column":12},"end":{"line":22,"column":74}},"9":{"start":{"line":25,"column":8},"end":{"line":27,"column":9}},"10":{"start":{"line":26,"column":12},"end":{"line":26,"column":76}},"11":{"start":{"line":29,"column":21},"end":{"line":29,"column":45}},"12":{"start":{"line":30,"column":25},"end":{"line":30,"column":58}},"13":{"start":{"line":32,"column":23},"end":{"line":36,"column":10}},"14":{"start":{"line":38,"column":22},"end":{"line":38,"column":111}},"15":{"start":{"line":40,"column":8},"end":{"line":40,"column":46}},"16":{"start":{"line":43,"column":8},"end":{"line":43,"column":85}},"17":{"start":{"line":54,"column":18},"end":{"line":78,"column":1}},"18":{"start":{"line":55,"column":30},"end":{"line":55,"column":38}},"19":{"start":{"line":56,"column":4},"end":{"line":77,"column":5}},"20":{"start":{"line":58,"column":29},"end":{"line":58,"column":56}},"21":{"start":{"line":60,"column":8},"end":{"line":62,"column":9}},"22":{"start":{"line":61,"column":12},"end":{"line":61,"column":86}},"23":{"start":{"line":64,"column":28},"end":{"line":64,"column":80}},"24":{"start":{"line":66,"column":8},"end":{"line":68,"column":9}},"25":{"start":{"line":67,"column":12},"end":{"line":67,"column":85}},"26":{"start":{"line":70,"column":22},"end":{"line":70,"column":123}},"27":{"start":{"line":72,"column":8},"end":{"line":72,"column":60}},"28":{"start":{"line":76,"column":8},"end":{"line":76,"column":88}},"29":{"start":{"line":81,"column":0},"end":{"line":81,"column":41}}},"fnMap":{"0":{"name":"(anonymous_0)","decl":{"start":{"line":15,"column":21},"end":{"line":15,"column":22}},"loc":{"start":{"line":15,"column":40},"end":{"line":47,"column":1}},"line":15},"1":{"name":"(anonymous_1)","decl":{"start":{"line":54,"column":18},"end":{"line":54,"column":19}},"loc":{"start":{"line":54,"column":37},"end":{"line":78,"column":1}},"line":54}},"branchMap":{"0":{"loc":{"start":{"line":21,"column":8},"end":{"line":23,"column":9}},"type":"if","locations":[{"start":{"line":21,"column":8},"end":{"line":23,"column":9}},{"start":{},"end":{}}],"line":21},"1":{"loc":{"start":{"line":25,"column":8},"end":{"line":27,"column":9}},"type":"if","locations":[{"start":{"line":25,"column":8},"end":{"line":27,"column":9}},{"start":{},"end":{}}],"line":25},"2":{"loc":{"start":{"line":60,"column":8},"end":{"line":62,"column":9}},"type":"if","locations":[{"start":{"line":60,"column":8},"end":{"line":62,"column":9}},{"start":{},"end":{}}],"line":60},"3":{"loc":{"start":{"line":66,"column":8},"end":{"line":68,"column":9}},"type":"if","locations":[{"start":{"line":66,"column":8},"end":{"line":68,"column":9}},{"start":{},"end":{}}],"line":66}},"s":{"0":1,"1":1,"2":1,"3":1,"4":0,"5":0,"6":0,"7":0,"8":0,"9":0,"10":0,"11":0,"12":0,"13":0,"14":0,"15":0,"16":0,"17":1,"18":7,"19":7,"20":7,"21":7,"22":0,"23":7,"24":7,"25":0,"26":7,"27":7,"28":0,"29":1},"f":{"0":0,"1":7},"b":{"0":[0,0],"1":[0,0],"2":[0,7],"3":[0,7]},"_coverageSchema":"1a1c01bbd47fc00a2c39e90264f33305004495a9","hash":"6d0a44c968a842451cadf32071dbf97ecd83da6e"}
,"C:\\Users\\PC\\Desktop\\matthew-forums2\\server\\middleware\\auth.js": {"path":"C:\\Users\\PC\\Desktop\\matthew-forums2\\server\\middleware\\auth.js","statementMap":{"0":{"start":{"line":3,"column":12},"end":{"line":3,"column":35}},"1":{"start":{"line":4,"column":13},"end":{"line":4,"column":41}},"2":{"start":{"line":7,"column":13},"end":{"line":31,"column":1}},"3":{"start":{"line":8,"column":4},"end":{"line":30,"column":5}},"4":{"start":{"line":9,"column":22},"end":{"line":9,"column":61}},"5":{"start":{"line":10,"column":29},"end":{"line":10,"column":47}},"6":{"start":{"line":14,"column":8},"end":{"line":24,"column":9}},"7":{"start":{"line":15,"column":12},"end":{"line":15,"column":66}},"8":{"start":{"line":16,"column":12},"end":{"line":16,"column":40}},"9":{"start":{"line":22,"column":12},"end":{"line":22,"column":43}},"10":{"start":{"line":23,"column":12},"end":{"line":23,"column":42}},"11":{"start":{"line":25,"column":8},"end":{"line":25,"column":15}},"12":{"start":{"line":29,"column":8},"end":{"line":29,"column":56}},"13":{"start":{"line":33,"column":0},"end":{"line":33,"column":22}}},"fnMap":{"0":{"name":"(anonymous_0)","decl":{"start":{"line":7,"column":13},"end":{"line":7,"column":14}},"loc":{"start":{"line":7,"column":38},"end":{"line":31,"column":1}},"line":7}},"branchMap":{"0":{"loc":{"start":{"line":14,"column":8},"end":{"line":24,"column":9}},"type":"if","locations":[{"start":{"line":14,"column":8},"end":{"line":24,"column":9}},{"start":{"line":21,"column":13},"end":{"line":24,"column":9}}],"line":14},"1":{"loc":{"start":{"line":14,"column":11},"end":{"line":14,"column":32}},"type":"binary-expr","locations":[{"start":{"line":14,"column":11},"end":{"line":14,"column":16}},{"start":{"line":14,"column":20},"end":{"line":14,"column":32}}],"line":14}},"s":{"0":1,"1":1,"2":1,"3":5,"4":5,"5":0,"6":0,"7":0,"8":0,"9":0,"10":0,"11":0,"12":5,"13":1},"f":{"0":5},"b":{"0":[0,0],"1":[0,0]},"_coverageSchema":"1a1c01bbd47fc00a2c39e90264f33305004495a9","hash":"bfb8ea273313ea625b6f4b0e2dac26c9de659af9"}
,"C:\\Users\\PC\\Desktop\\matthew-forums2\\server\\models\\postMessage.js": {"path":"C:\\Users\\PC\\Desktop\\matthew-forums2\\server\\models\\postMessage.js","statementMap":{"0":{"start":{"line":2,"column":17},"end":{"line":2,"column":36}},"1":{"start":{"line":6,"column":19},"end":{"line":23,"column":2}},"2":{"start":{"line":25,"column":20},"end":{"line":25,"column":60}},"3":{"start":{"line":27,"column":0},"end":{"line":27,"column":30}}},"fnMap":{},"branchMap":{},"s":{"0":1,"1":1,"2":1,"3":1},"f":{},"b":{},"_coverageSchema":"1a1c01bbd47fc00a2c39e90264f33305004495a9","hash":"7ab3e6754a909ef2da5bb75c8c01994219c2a0fa"}
,"C:\\Users\\PC\\Desktop\\matthew-forums2\\server\\models\\user.js": {"path":"C:\\Users\\PC\\Desktop\\matthew-forums2\\server\\models\\user.js","statementMap":{"0":{"start":{"line":2,"column":17},"end":{"line":2,"column":36}},"1":{"start":{"line":4,"column":19},"end":{"line":23,"column":2}},"2":{"start":{"line":25,"column":0},"end":{"line":25,"column":52}}},"fnMap":{},"branchMap":{},"s":{"0":1,"1":1,"2":1},"f":{},"b":{},"_coverageSchema":"1a1c01bbd47fc00a2c39e90264f33305004495a9","hash":"7eeb02e2c92616e2da2c05915a22d3d5c4534003"}
,"C:\\Users\\PC\\Desktop\\matthew-forums2\\server\\routes\\posts.js": {"path":"C:\\Users\\PC\\Desktop\\matthew-forums2\\server\\routes\\posts.js","statementMap":{"0":{"start":{"line":1,"column":16},"end":{"line":1,"column":34}},"1":{"start":{"line":2,"column":13},"end":{"line":2,"column":45}},"2":{"start":{"line":3,"column":107},"end":{"line":3,"column":141}},"3":{"start":{"line":5,"column":15},"end":{"line":5,"column":31}},"4":{"start":{"line":7,"column":0},"end":{"line":7,"column":34}},"5":{"start":{"line":8,"column":0},"end":{"line":8,"column":26}},"6":{"start":{"line":9,"column":0},"end":{"line":9,"column":45}},"7":{"start":{"line":10,"column":0},"end":{"line":10,"column":28}},"8":{"start":{"line":11,"column":0},"end":{"line":11,"column":38}},"9":{"start":{"line":12,"column":0},"end":{"line":12,"column":39}},"10":{"start":{"line":15,"column":0},"end":{"line":15,"column":44}},"11":{"start":{"line":16,"column":0},"end":{"line":16,"column":49}},"12":{"start":{"line":18,"column":0},"end":{"line":18,"column":24}}},"fnMap":{},"branchMap":{},"s":{"0":1,"1":1,"2":1,"3":1,"4":1,"5":1,"6":1,"7":1,"8":1,"9":1,"10":1,"11":1,"12":1},"f":{},"b":{},"_coverageSchema":"1a1c01bbd47fc00a2c39e90264f33305004495a9","hash":"e77e7aed5327a9fd76d9567ef93009ffb182ac1b"}
,"C:\\Users\\PC\\Desktop\\matthew-forums2\\server\\routes\\users.js": {"path":"C:\\Users\\PC\\Desktop\\matthew-forums2\\server\\routes\\users.js","statementMap":{"0":{"start":{"line":1,"column":16},"end":{"line":1,"column":34}},"1":{"start":{"line":2,"column":34},"end":{"line":2,"column":67}},"2":{"start":{"line":4,"column":15},"end":{"line":4,"column":31}},"3":{"start":{"line":6,"column":0},"end":{"line":6,"column":39}},"4":{"start":{"line":7,"column":0},"end":{"line":7,"column":33}},"5":{"start":{"line":9,"column":0},"end":{"line":9,"column":24}}},"fnMap":{},"branchMap":{},"s":{"0":1,"1":1,"2":1,"3":1,"4":1,"5":1},"f":{},"b":{},"_coverageSchema":"1a1c01bbd47fc00a2c39e90264f33305004495a9","hash":"74897d1e62c7ec01ca5a6fcdcb721d2ce165fa29"}
}
